Using pre-set license
Built from '2021.3/staging' branch; Version is '2021.3.26f1 (a16dc32e0ff2) revision 10579395'; Using compiler version '192829333'; Build Type 'Release'
OS: 'Windows 10  (10.0.19045) 64bit Core' Language: 'fr' Physical Memory: 16253 MB
BatchMode: 1, IsHumanControllingUs: 0, StartBugReporterOnCrash: 0, Is64bit: 1, IsPro: 1

COMMAND LINE ARGUMENTS:
C:\Program Files\Unity\Hub\Editor\2021.3.26f1\Editor\Unity.exe
-adb2
-batchMode
-noUpm
-name
AssetImportWorker0
-projectPath
C:/Unity_Projects/ElementWielder/ElementWielder
-logFile
Logs/AssetImportWorker0.log
-srvPort
50142
Successfully changed project path to: C:/Unity_Projects/ElementWielder/ElementWielder
C:/Unity_Projects/ElementWielder/ElementWielder
[UnityMemory] Configuration Parameters - Can be set up in boot.config
    "memorysetup-bucket-allocator-granularity=16"
    "memorysetup-bucket-allocator-bucket-count=8"
    "memorysetup-bucket-allocator-block-size=33554432"
    "memorysetup-bucket-allocator-block-count=8"
    "memorysetup-main-allocator-block-size=16777216"
    "memorysetup-thread-allocator-block-size=16777216"
    "memorysetup-gfx-main-allocator-block-size=16777216"
    "memorysetup-gfx-thread-allocator-block-size=16777216"
    "memorysetup-cache-allocator-block-size=4194304"
    "memorysetup-typetree-allocator-block-size=2097152"
    "memorysetup-profiler-bucket-allocator-granularity=16"
    "memorysetup-profiler-bucket-allocator-bucket-count=8"
    "memorysetup-profiler-bucket-allocator-block-size=33554432"
    "memorysetup-profiler-bucket-allocator-block-count=8"
    "memorysetup-profiler-allocator-block-size=16777216"
    "memorysetup-profiler-editor-allocator-block-size=1048576"
    "memorysetup-temp-allocator-size-main=16777216"
    "memorysetup-job-temp-allocator-block-size=2097152"
    "memorysetup-job-temp-allocator-block-size-background=1048576"
    "memorysetup-job-temp-allocator-reduction-small-platforms=262144"
    "memorysetup-temp-allocator-size-background-worker=32768"
    "memorysetup-temp-allocator-size-job-worker=262144"
    "memorysetup-temp-allocator-size-preload-manager=33554432"
    "memorysetup-temp-allocator-size-nav-mesh-worker=65536"
    "memorysetup-temp-allocator-size-audio-worker=65536"
    "memorysetup-temp-allocator-size-cloud-worker=32768"
    "memorysetup-temp-allocator-size-gi-baking-worker=262144"
    "memorysetup-temp-allocator-size-gfx=262144"
Player connection [7732] Host "[IP] 192.168.1.18 [Port] 0 [Flags] 2 [Guid] 2964296886 [EditorId] 2964296886 [Version] 1048832 [Id] WindowsEditor(7,DESKTOP-1TKVIRD) [Debug] 1 [PackageName] WindowsEditor [ProjectName] Editor" joined multi-casting on [225.0.0.222:54997]...

Player connection [7732] Host "[IP] 192.168.1.18 [Port] 0 [Flags] 2 [Guid] 2964296886 [EditorId] 2964296886 [Version] 1048832 [Id] WindowsEditor(7,DESKTOP-1TKVIRD) [Debug] 1 [PackageName] WindowsEditor [ProjectName] Editor" joined alternative multi-casting on [225.0.0.222:34997]...

Refreshing native plugins compatible for Editor in 72.81 ms, found 4 plugins.
Preloading 0 native plugins for Editor in 0.00 ms.
Initialize engine version: 2021.3.26f1 (a16dc32e0ff2)
[Subsystems] Discovering subsystems at path C:/Program Files/Unity/Hub/Editor/2021.3.26f1/Editor/Data/Resources/UnitySubsystems
[Subsystems] Discovering subsystems at path C:/Unity_Projects/ElementWielder/ElementWielder/Assets
GfxDevice: creating device client; threaded=0; jobified=0
Direct3D:
    Version:  Direct3D 11.0 [level 11.1]
    Renderer: NVIDIA GeForce RTX 3070 (ID=0x2488)
    Vendor:   NVIDIA
    VRAM:     8031 MB
    Driver:   31.0.15.3640
Initialize mono
Mono path[0] = 'C:/Program Files/Unity/Hub/Editor/2021.3.26f1/Editor/Data/Managed'
Mono path[1] = 'C:/Program Files/Unity/Hub/Editor/2021.3.26f1/Editor/Data/MonoBleedingEdge/lib/mono/unityjit-win32'
Mono config path = 'C:/Program Files/Unity/Hub/Editor/2021.3.26f1/Editor/Data/MonoBleedingEdge/etc'
Using monoOptions --debugger-agent=transport=dt_socket,embedding=1,server=y,suspend=n,address=127.0.0.1:56560
Begin MonoManager ReloadAssembly
Registering precompiled unity dll's ...
Register platform support module: C:/Program Files/Unity/Hub/Editor/2021.3.26f1/Editor/Data/PlaybackEngines/WindowsStandaloneSupport/UnityEditor.WindowsStandalone.Extensions.dll
Registered in 0.005421 seconds.
Native extension for WindowsStandalone target not found
Refreshing native plugins compatible for Editor in 70.92 ms, found 4 plugins.
Preloading 0 native plugins for Editor in 0.00 ms.
Mono: successfully reloaded assembly
- Completed reload, in  0.527 seconds
Domain Reload Profiling:
	ReloadAssembly (527ms)
		BeginReloadAssembly (67ms)
			ExecutionOrderSort (0ms)
			DisableScriptedObjects (0ms)
			BackupInstance (0ms)
			ReleaseScriptingObjects (0ms)
			CreateAndSetChildDomain (1ms)
		EndReloadAssembly (379ms)
			LoadAssemblies (65ms)
			RebuildTransferFunctionScriptingTraits (0ms)
			SetupTypeCache (82ms)
			ReleaseScriptCaches (0ms)
			RebuildScriptCaches (23ms)
			SetupLoadedEditorAssemblies (234ms)
				LogAssemblyErrors (0ms)
				InitializePlatformSupportModulesInManaged (6ms)
				SetLoadedEditorAssemblies (0ms)
				RefreshPlugins (71ms)
				BeforeProcessingInitializeOnLoad (1ms)
				ProcessInitializeOnLoadAttributes (113ms)
				ProcessInitializeOnLoadMethodAttributes (42ms)
				AfterProcessingInitializeOnLoad (0ms)
				EditorAssembliesLoaded (0ms)
			ExecutionOrderSort2 (0ms)
			AwakeInstancesAfterBackupRestoration (0ms)
Platform modules already initialized, skipping
Registering precompiled user dll's ...
Registered in 0.005506 seconds.
Begin MonoManager ReloadAssembly
Symbol file LoadedFromMemory doesn't match image C:\Unity_Projects\ElementWielder\ElementWielder\Library\PackageCache\com.unity.visualscripting@1.8.0\Editor\VisualScripting.Core\Dependencies\YamlDotNet\Unity.VisualScripting.YamlDotNet.dll
Symbol file LoadedFromMemory doesn't match image C:\Unity_Projects\ElementWielder\ElementWielder\Library\PackageCache\com.unity.visualscripting@1.8.0\Editor\VisualScripting.Core\Dependencies\DotNetZip\Unity.VisualScripting.IonicZip.dll
Native extension for WindowsStandalone target not found
Refreshing native plugins compatible for Editor in 70.45 ms, found 4 plugins.
Preloading 0 native plugins for Editor in 0.00 ms.
Mono: successfully reloaded assembly
- Completed reload, in  0.889 seconds
Domain Reload Profiling:
	ReloadAssembly (890ms)
		BeginReloadAssembly (97ms)
			ExecutionOrderSort (0ms)
			DisableScriptedObjects (6ms)
			BackupInstance (0ms)
			ReleaseScriptingObjects (0ms)
			CreateAndSetChildDomain (15ms)
		EndReloadAssembly (704ms)
			LoadAssemblies (72ms)
			RebuildTransferFunctionScriptingTraits (0ms)
			SetupTypeCache (184ms)
			ReleaseScriptCaches (1ms)
			RebuildScriptCaches (45ms)
			SetupLoadedEditorAssemblies (370ms)
				LogAssemblyErrors (0ms)
				InitializePlatformSupportModulesInManaged (4ms)
				SetLoadedEditorAssemblies (0ms)
				RefreshPlugins (71ms)
				BeforeProcessingInitializeOnLoad (76ms)
				ProcessInitializeOnLoadAttributes (182ms)
				ProcessInitializeOnLoadMethodAttributes (32ms)
				AfterProcessingInitializeOnLoad (7ms)
				EditorAssembliesLoaded (0ms)
			ExecutionOrderSort2 (0ms)
			AwakeInstancesAfterBackupRestoration (5ms)
Platform modules already initialized, skipping
========================================================================
Worker process is ready to serve import requests
Launched and connected shader compiler UnityShaderCompiler.exe after 0.02 seconds
Refreshing native plugins compatible for Editor in 0.98 ms, found 4 plugins.
Preloading 0 native plugins for Editor in 0.00 ms.
Unloading 3734 Unused Serialized files (Serialized files now loaded: 0)
Unloading 35 unused Assets / (56.0 KB). Loaded Objects now: 4194.
Memory consumption went from 142.7 MB to 142.7 MB.
Total: 3.126600 ms (FindLiveObjects: 0.352700 ms CreateObjectMapping: 0.317600 ms MarkObjects: 2.390000 ms  DeleteObjects: 0.065500 ms)

AssetImportParameters requested are different than current active one (requested -> active):
  custom:video-decoder-ogg-theora: a1e56fd34408186e4bbccfd4996cb3dc -> 
  custom:container-muxer-webm: aa71ff27fc2769a1b78a27578f13a17b -> 
  custom:container-demuxer-webm: 4f35f7cbe854078d1ac9338744f61a02 -> 
  custom:video-encoder-webm-vp8: eb34c28f22e8b96e1ab97ce403110664 -> 
  custom:audio-encoder-webm-vorbis: bf7c407c2cedff20999df2af8eb42d56 -> 
  custom:framework-win-MediaFoundation: 216162199b28c13a410421893ffa2e32 -> 
  custom:container-demuxer-ogg: 62fdf1f143b41e24485cea50d1cbac27 -> 
  custom:video-decoder-webm-vp8: 9c59270c3fd7afecdb556c50c9e8de78 -> 
  custom:audio-decoder-ogg-vorbis: bf7c407c2cedff20999df2af8eb42d56 -> 
========================================================================
Received Import Request.
  Time since last request: 1944.938126 seconds.
  path: Assets/ExternalAssets/UI Elements/White
  artifactKey: Guid(abc3bd384647d784d80047c87a3fd70a) Importer(815301076,1909f56bfc062723c751e8b465ee728b)
Start importing Assets/ExternalAssets/UI Elements/White using Guid(abc3bd384647d784d80047c87a3fd70a) Importer(815301076,1909f56bfc062723c751e8b465ee728b)  -> (artifact id: '2ff3afffebd27325b6d4c16ddd710559') in 0.012351 seconds 
========================================================================
Received Import Request.
  Time since last request: 0.375164 seconds.
  path: Assets/ExternalAssets/UI Elements/White/2x
  artifactKey: Guid(c2238814a19a33241951d1db76e44ca8) Importer(815301076,1909f56bfc062723c751e8b465ee728b)
Start importing Assets/ExternalAssets/UI Elements/White/2x using Guid(c2238814a19a33241951d1db76e44ca8) Importer(815301076,1909f56bfc062723c751e8b465ee728b)  -> (artifact id: '86424ec92c91f0cdfdf588cb8348399a') in 0.009323 seconds 
========================================================================
Received Import Request.
  Time since last request: 0.060491 seconds.
  path: Assets/ExternalAssets/UI Elements/White/2x/backward.png
  artifactKey: Guid(2218ff1a2c15d104e873b8dee7545bd3) Importer(815301076,1909f56bfc062723c751e8b465ee728b)
Start importing Assets/ExternalAssets/UI Elements/White/2x/backward.png using Guid(2218ff1a2c15d104e873b8dee7545bd3) Importer(815301076,1909f56bfc062723c751e8b465ee728b)  -> (artifact id: '08bf447dc4b3656d70330272c07b4b0a') in 0.118067 seconds 
========================================================================
Received Import Request.
  Time since last request: 0.000015 seconds.
  path: Assets/ExternalAssets/UI Elements/White/2x/south-west arrow.png
  artifactKey: Guid(e20340ac73587864ab34d78294bc0bfa) Importer(815301076,1909f56bfc062723c751e8b465ee728b)
Start importing Assets/ExternalAssets/UI Elements/White/2x/south-west arrow.png using Guid(e20340ac73587864ab34d78294bc0bfa) Importer(815301076,1909f56bfc062723c751e8b465ee728b)  -> (artifact id: 'b2a6ca6abaac10045bcc8b18e3849060') in 0.015544 seconds 
========================================================================
Received Import Request.
  Time since last request: 0.000012 seconds.
  path: Assets/ExternalAssets/UI Elements/White/2x/settings.png
  artifactKey: Guid(90f67b789c9f7b44eac70357e4a0d534) Importer(815301076,1909f56bfc062723c751e8b465ee728b)
Start importing Assets/ExternalAssets/UI Elements/White/2x/settings.png using Guid(90f67b789c9f7b44eac70357e4a0d534) Importer(815301076,1909f56bfc062723c751e8b465ee728b)  -> (artifact id: 'c17f4630317a2e7db63c5ae5e2206cc5') in 0.014047 seconds 
========================================================================
Received Import Request.
  Time since last request: 0.000016 seconds.
  path: Assets/ExternalAssets/UI Elements/White/2x/info.png
  artifactKey: Guid(dc13b944fb4f7fe4dbea810f96b0c01f) Importer(815301076,1909f56bfc062723c751e8b465ee728b)
Start importing Assets/ExternalAssets/UI Elements/White/2x/info.png using Guid(dc13b944fb4f7fe4dbea810f96b0c01f) Importer(815301076,1909f56bfc062723c751e8b465ee728b)  -> (artifact id: '3d81e83b645ae4a9511acbfd6d4b13c2') in 0.014037 seconds 
========================================================================
Received Import Request.
  Time since last request: 0.000014 seconds.
  path: Assets/ExternalAssets/UI Elements/White/2x/camera.png
  artifactKey: Guid(6e25e74d93f2a85458c20d2e7958b0a7) Importer(815301076,1909f56bfc062723c751e8b465ee728b)
Start importing Assets/ExternalAssets/UI Elements/White/2x/camera.png using Guid(6e25e74d93f2a85458c20d2e7958b0a7) Importer(815301076,1909f56bfc062723c751e8b465ee728b)  -> (artifact id: '13af2364e66c599e788525f6b0aa146a') in 0.019039 seconds 
========================================================================
Received Import Request.
  Time since last request: 0.000014 seconds.
  path: Assets/ExternalAssets/UI Elements/White/2x/sign1.png
  artifactKey: Guid(aa71daf2bdaf98f4294b307607c548cb) Importer(815301076,1909f56bfc062723c751e8b465ee728b)
Start importing Assets/ExternalAssets/UI Elements/White/2x/sign1.png using Guid(aa71daf2bdaf98f4294b307607c548cb) Importer(815301076,1909f56bfc062723c751e8b465ee728b)  -> (artifact id: '541304ecf2cb17ca30ade85e884baa32') in 0.019136 seconds 
========================================================================
Received Import Request.
  Time since last request: 0.000019 seconds.
  path: Assets/ExternalAssets/UI Elements/White/2x/Button C.png
  artifactKey: Guid(351d1172e9567a64aa38c7890a1c3d98) Importer(815301076,1909f56bfc062723c751e8b465ee728b)
Start importing Assets/ExternalAssets/UI Elements/White/2x/Button C.png using Guid(351d1172e9567a64aa38c7890a1c3d98) Importer(815301076,1909f56bfc062723c751e8b465ee728b)  -> (artifact id: '94b412f5424229c7e9604a0743b2556a') in 0.016384 seconds 
========================================================================
Received Import Request.
  Time since last request: 0.000011 seconds.
  path: Assets/ExternalAssets/UI Elements/White/2x/music off.png
  artifactKey: Guid(cd66867f62719cf478a3bd384c6e05dc) Importer(815301076,1909f56bfc062723c751e8b465ee728b)
Start importing Assets/ExternalAssets/UI Elements/White/2x/music off.png using Guid(cd66867f62719cf478a3bd384c6e05dc) Importer(815301076,1909f56bfc062723c751e8b465ee728b)  -> (artifact id: 'a60a7a1a360033f27269abdc7d2d845d') in 0.014161 seconds 
========================================================================
Received Import Request.
  Time since last request: 0.000014 seconds.
  path: Assets/ExternalAssets/UI Elements/White/2x/leaderboard.png
  artifactKey: Guid(ea3538b6446538f43b03f79a5b78a947) Importer(815301076,1909f56bfc062723c751e8b465ee728b)
Start importing Assets/ExternalAssets/UI Elements/White/2x/leaderboard.png using Guid(ea3538b6446538f43b03f79a5b78a947) Importer(815301076,1909f56bfc062723c751e8b465ee728b)  -> (artifact id: '6d6870c70dc00f7c8bd52e9ed5046192') in 0.016684 seconds 
========================================================================
Received Import Request.
  Time since last request: 0.000015 seconds.
  path: Assets/ExternalAssets/UI Elements/White/2x/stop.png
  artifactKey: Guid(9c18d498f968f814183bcd31c8c90cd5) Importer(815301076,1909f56bfc062723c751e8b465ee728b)
Start importing Assets/ExternalAssets/UI Elements/White/2x/stop.png using Guid(9c18d498f968f814183bcd31c8c90cd5) Importer(815301076,1909f56bfc062723c751e8b465ee728b)  -> (artifact id: '0abb5b3e5a0fa5d63e58a0c0882b30f0') in 0.014471 seconds 
========================================================================
Received Import Request.
  Time since last request: 0.000017 seconds.
  path: Assets/ExternalAssets/UI Elements/White/2x/down arrow.png
  artifactKey: Guid(dd5ab83baa480ea44b966d7ca90d09bc) Importer(815301076,1909f56bfc062723c751e8b465ee728b)
Start importing Assets/ExternalAssets/UI Elements/White/2x/down arrow.png using Guid(dd5ab83baa480ea44b966d7ca90d09bc) Importer(815301076,1909f56bfc062723c751e8b465ee728b)  -> (artifact id: '44a4e0b9ef5ef2bc545632f66b933aea') in 0.018456 seconds 
========================================================================
Received Import Request.
  Time since last request: 0.000015 seconds.
  path: Assets/ExternalAssets/UI Elements/White/2x/lock.png
  artifactKey: Guid(ed2186e15040af748a6d6484eebdc5e7) Importer(815301076,1909f56bfc062723c751e8b465ee728b)
Start importing Assets/ExternalAssets/UI Elements/White/2x/lock.png using Guid(ed2186e15040af748a6d6484eebdc5e7) Importer(815301076,1909f56bfc062723c751e8b465ee728b)  -> (artifact id: '3814a38a16feb746c148a49ae816389d') in 0.024280 seconds 
========================================================================
Received Import Request.
  Time since last request: 0.000021 seconds.
  path: Assets/ExternalAssets/UI Elements/White/2x/Button A.png
  artifactKey: Guid(575f0768799e8504a929d65ae3bc2c28) Importer(815301076,1909f56bfc062723c751e8b465ee728b)
Start importing Assets/ExternalAssets/UI Elements/White/2x/Button A.png using Guid(575f0768799e8504a929d65ae3bc2c28) Importer(815301076,1909f56bfc062723c751e8b465ee728b)  -> (artifact id: 'a265781b4a3dd6e59b06f4e1fc91c249') in 0.014460 seconds 
========================================================================
Received Import Request.
  Time since last request: 0.000015 seconds.
  path: Assets/ExternalAssets/UI Elements/White/2x/home.png
  artifactKey: Guid(135427c69ca9fd14c9a77c60701078cc) Importer(815301076,1909f56bfc062723c751e8b465ee728b)
Start importing Assets/ExternalAssets/UI Elements/White/2x/home.png using Guid(135427c69ca9fd14c9a77c60701078cc) Importer(815301076,1909f56bfc062723c751e8b465ee728b)  -> (artifact id: 'c64a29027426119a14a0c7ab8f938bfc') in 0.014046 seconds 
========================================================================
Received Import Request.
  Time since last request: 0.000016 seconds.
  path: Assets/ExternalAssets/UI Elements/White/2x/menu1.png
  artifactKey: Guid(17763da94fa23f84784caa26666b006c) Importer(815301076,1909f56bfc062723c751e8b465ee728b)
Start importing Assets/ExternalAssets/UI Elements/White/2x/menu1.png using Guid(17763da94fa23f84784caa26666b006c) Importer(815301076,1909f56bfc062723c751e8b465ee728b)  -> (artifact id: '2720862dd839363710ea785853fc63bf') in 0.014642 seconds 
========================================================================
Received Import Request.
  Time since last request: 0.000020 seconds.
  path: Assets/ExternalAssets/UI Elements/White/2x/menu2.png
  artifactKey: Guid(3bad5fd713d2d0642855514472e08c80) Importer(815301076,1909f56bfc062723c751e8b465ee728b)
Start importing Assets/ExternalAssets/UI Elements/White/2x/menu2.png using Guid(3bad5fd713d2d0642855514472e08c80) Importer(815301076,1909f56bfc062723c751e8b465ee728b)  -> (artifact id: 'f6e0a88b2a614e2170b3eb3e5094f76c') in 0.013605 seconds 
========================================================================
Received Import Request.
  Time since last request: 0.000020 seconds.
  path: Assets/ExternalAssets/UI Elements/White/2x/up.png
  artifactKey: Guid(8a17f6ee71d7cd84893f3bf08e22e95a) Importer(815301076,1909f56bfc062723c751e8b465ee728b)
Start importing Assets/ExternalAssets/UI Elements/White/2x/up.png using Guid(8a17f6ee71d7cd84893f3bf08e22e95a) Importer(815301076,1909f56bfc062723c751e8b465ee728b)  -> (artifact id: '9827f16790317742e2b5e39773a550d2') in 0.013339 seconds 
========================================================================
Received Import Request.
  Time since last request: 0.000023 seconds.
  path: Assets/ExternalAssets/UI Elements/White/2x/down.png
  artifactKey: Guid(3acd8d445bc88f547a8d43d9bd313ccf) Importer(815301076,1909f56bfc062723c751e8b465ee728b)
Start importing Assets/ExternalAssets/UI Elements/White/2x/down.png using Guid(3acd8d445bc88f547a8d43d9bd313ccf) Importer(815301076,1909f56bfc062723c751e8b465ee728b)  -> (artifact id: 'cce553d6f28880aefc875f55165f77c0') in 0.013951 seconds 
========================================================================
Received Import Request.
  Time since last request: 0.000034 seconds.
  path: Assets/ExternalAssets/UI Elements/White/2x/video.png
  artifactKey: Guid(0a58ee60e05b787438eda215831692b9) Importer(815301076,1909f56bfc062723c751e8b465ee728b)
Start importing Assets/ExternalAssets/UI Elements/White/2x/video.png using Guid(0a58ee60e05b787438eda215831692b9) Importer(815301076,1909f56bfc062723c751e8b465ee728b)  -> (artifact id: '2a1f66dff9dc7f81c799d56ab3d2492e') in 0.015211 seconds 
========================================================================
Received Import Request.
  Time since last request: 0.000015 seconds.
  path: Assets/ExternalAssets/UI Elements/White/2x/Button 2.png
  artifactKey: Guid(ae08e8b80e376fc4fbce986bc31cc122) Importer(815301076,1909f56bfc062723c751e8b465ee728b)
Start importing Assets/ExternalAssets/UI Elements/White/2x/Button 2.png using Guid(ae08e8b80e376fc4fbce986bc31cc122) Importer(815301076,1909f56bfc062723c751e8b465ee728b)  -> (artifact id: 'a376769ecb8dbb3866c4300bc7bbb542') in 0.014205 seconds 
========================================================================
Received Import Request.
  Time since last request: 0.000021 seconds.
  path: Assets/ExternalAssets/UI Elements/White/2x/up arrow.png
  artifactKey: Guid(f770cba3027868644984454f295405d0) Importer(815301076,1909f56bfc062723c751e8b465ee728b)
Start importing Assets/ExternalAssets/UI Elements/White/2x/up arrow.png using Guid(f770cba3027868644984454f295405d0) Importer(815301076,1909f56bfc062723c751e8b465ee728b)  -> (artifact id: '3c998ded9b1abc83f1603448f454ef19') in 0.014423 seconds 
========================================================================
Received Import Request.
  Time since last request: 0.000015 seconds.
  path: Assets/ExternalAssets/UI Elements/White/2x/Button 3.png
  artifactKey: Guid(ec02013256c3e0c40b06d46162f1108a) Importer(815301076,1909f56bfc062723c751e8b465ee728b)
Start importing Assets/ExternalAssets/UI Elements/White/2x/Button 3.png using Guid(ec02013256c3e0c40b06d46162f1108a) Importer(815301076,1909f56bfc062723c751e8b465ee728b)  -> (artifact id: '3b3eabea100d9c8f72dd261223b42f6d') in 0.014489 seconds 
========================================================================
Received Import Request.
  Time since last request: 0.000017 seconds.
  path: Assets/ExternalAssets/UI Elements/White/2x/Button B.png
  artifactKey: Guid(54240df153d2a504c881cd6d40d2b829) Importer(815301076,1909f56bfc062723c751e8b465ee728b)
Start importing Assets/ExternalAssets/UI Elements/White/2x/Button B.png using Guid(54240df153d2a504c881cd6d40d2b829) Importer(815301076,1909f56bfc062723c751e8b465ee728b)  -> (artifact id: 'ae908654634fca2b3e54792f3619758b') in 0.014418 seconds 
========================================================================
Received Import Request.
  Time since last request: 0.000019 seconds.
  path: Assets/ExternalAssets/UI Elements/White/2x/south-east arrow.png
  artifactKey: Guid(bc44ea1b1bcaab44b93549378feea5b1) Importer(815301076,1909f56bfc062723c751e8b465ee728b)
Start importing Assets/ExternalAssets/UI Elements/White/2x/south-east arrow.png using Guid(bc44ea1b1bcaab44b93549378feea5b1) Importer(815301076,1909f56bfc062723c751e8b465ee728b)  -> (artifact id: '7ef720c4a4af605e3a71a05a173cc3e4') in 0.012305 seconds 
========================================================================
Received Import Request.
  Time since last request: 4.408774 seconds.
  path: Assets/ExternalAssets/UI Elements/White/1x/BUtton 1.png
  artifactKey: Guid(c33c6ae4ffbbdc8439f47c9811ec4064) Importer(815301076,1909f56bfc062723c751e8b465ee728b)
Start importing Assets/ExternalAssets/UI Elements/White/1x/BUtton 1.png using Guid(c33c6ae4ffbbdc8439f47c9811ec4064) Importer(815301076,1909f56bfc062723c751e8b465ee728b)  -> (artifact id: '4682a079e63e1ad18f91ce328c1af9aa') in 0.013623 seconds 
========================================================================
Received Import Request.
  Time since last request: 0.000013 seconds.
  path: Assets/ExternalAssets/UI Elements/White/1x/unlock.png
  artifactKey: Guid(9dde89aa890342541a7eab6fe3af8187) Importer(815301076,1909f56bfc062723c751e8b465ee728b)
Start importing Assets/ExternalAssets/UI Elements/White/1x/unlock.png using Guid(9dde89aa890342541a7eab6fe3af8187) Importer(815301076,1909f56bfc062723c751e8b465ee728b)  -> (artifact id: 'a23ea17e06685274c78690bfbd5283af') in 0.016301 seconds 
========================================================================
Received Import Request.
  Time since last request: 0.000016 seconds.
  path: Assets/ExternalAssets/UI Elements/White/1x/settings.png
  artifactKey: Guid(ec785febb56d8bb469dd6cb6235ebcd2) Importer(815301076,1909f56bfc062723c751e8b465ee728b)
Start importing Assets/ExternalAssets/UI Elements/White/1x/settings.png using Guid(ec785febb56d8bb469dd6cb6235ebcd2) Importer(815301076,1909f56bfc062723c751e8b465ee728b)  -> (artifact id: '67fbb35d30e6d8a9d8df8951831200ef') in 0.011316 seconds 
========================================================================
Received Import Request.
  Time since last request: 0.000012 seconds.
  path: Assets/ExternalAssets/UI Elements/White/1x/BUtton B.png
  artifactKey: Guid(964431ef0f1cd0d44bedb70a01641458) Importer(815301076,1909f56bfc062723c751e8b465ee728b)
Start importing Assets/ExternalAssets/UI Elements/White/1x/BUtton B.png using Guid(964431ef0f1cd0d44bedb70a01641458) Importer(815301076,1909f56bfc062723c751e8b465ee728b)  -> (artifact id: '14f6d6a45da328ab1a0b7a619e72e75f') in 0.012576 seconds 
========================================================================
Received Import Request.
  Time since last request: 0.000018 seconds.
  path: Assets/ExternalAssets/UI Elements/White/1x/exit right.png
  artifactKey: Guid(e11d3330e5e316e43b980432fab67f97) Importer(815301076,1909f56bfc062723c751e8b465ee728b)
Start importing Assets/ExternalAssets/UI Elements/White/1x/exit right.png using Guid(e11d3330e5e316e43b980432fab67f97) Importer(815301076,1909f56bfc062723c751e8b465ee728b)  -> (artifact id: '5b70368e05746d85c61a3efdd69c3135') in 0.014235 seconds 
========================================================================
Received Import Request.
  Time since last request: 0.000014 seconds.
  path: Assets/ExternalAssets/UI Elements/White/1x/mic on.png
  artifactKey: Guid(5e5ec5776ed884446a324f33e0242961) Importer(815301076,1909f56bfc062723c751e8b465ee728b)
Start importing Assets/ExternalAssets/UI Elements/White/1x/mic on.png using Guid(5e5ec5776ed884446a324f33e0242961) Importer(815301076,1909f56bfc062723c751e8b465ee728b)  -> (artifact id: '7ee3504dc78fd7a83f736859c4639c16') in 0.013511 seconds 
========================================================================
Received Import Request.
  Time since last request: 0.000020 seconds.
  path: Assets/ExternalAssets/UI Elements/White/1x/mic off.png
  artifactKey: Guid(27671c81aaafeea4a9f2bde0d18ddf92) Importer(815301076,1909f56bfc062723c751e8b465ee728b)
Start importing Assets/ExternalAssets/UI Elements/White/1x/mic off.png using Guid(27671c81aaafeea4a9f2bde0d18ddf92) Importer(815301076,1909f56bfc062723c751e8b465ee728b)  -> (artifact id: 'd81bf760a063cea26d3745646c088d1e') in 0.013070 seconds 
========================================================================
Received Import Request.
  Time since last request: 0.000024 seconds.
  path: Assets/ExternalAssets/UI Elements/White/1x/BUtton C.png
  artifactKey: Guid(c3e472f25f685b24cb873a70418519d3) Importer(815301076,1909f56bfc062723c751e8b465ee728b)
Start importing Assets/ExternalAssets/UI Elements/White/1x/BUtton C.png using Guid(c3e472f25f685b24cb873a70418519d3) Importer(815301076,1909f56bfc062723c751e8b465ee728b)  -> (artifact id: '76236d30a59f63595cc62c5724a87444') in 0.013171 seconds 
========================================================================
Received Import Request.
  Time since last request: 0.000027 seconds.
  path: Assets/ExternalAssets/UI Elements/White/1x/menu2.png
  artifactKey: Guid(fd2a1fb3e51510049945a1f359a4ccba) Importer(815301076,1909f56bfc062723c751e8b465ee728b)
Start importing Assets/ExternalAssets/UI Elements/White/1x/menu2.png using Guid(fd2a1fb3e51510049945a1f359a4ccba) Importer(815301076,1909f56bfc062723c751e8b465ee728b)  -> (artifact id: 'dea65f5461fe4586b48485d9d3726886') in 0.012112 seconds 
========================================================================
Received Import Request.
  Time since last request: 0.000016 seconds.
  path: Assets/ExternalAssets/UI Elements/White/1x/sign2.png
  artifactKey: Guid(df199e17abfbe134d9cca069a7ac9248) Importer(815301076,1909f56bfc062723c751e8b465ee728b)
Start importing Assets/ExternalAssets/UI Elements/White/1x/sign2.png using Guid(df199e17abfbe134d9cca069a7ac9248) Importer(815301076,1909f56bfc062723c751e8b465ee728b)  -> (artifact id: '405db5b67f48a0006acc5b2898c067aa') in 0.013442 seconds 
========================================================================
Received Import Request.
  Time since last request: 0.000023 seconds.
  path: Assets/ExternalAssets/UI Elements/White/1x/pause.png
  artifactKey: Guid(07eca9a1a43b8cd4cbfd05ec7eacf695) Importer(815301076,1909f56bfc062723c751e8b465ee728b)
Start importing Assets/ExternalAssets/UI Elements/White/1x/pause.png using Guid(07eca9a1a43b8cd4cbfd05ec7eacf695) Importer(815301076,1909f56bfc062723c751e8b465ee728b)  -> (artifact id: '5dc982325ebc332ef5ca43057a632128') in 0.013047 seconds 
========================================================================
Received Import Request.
  Time since last request: 0.000015 seconds.
  path: Assets/ExternalAssets/UI Elements/White/1x/video.png
  artifactKey: Guid(3718d157a9ae33d469bcd89dc6fe863f) Importer(815301076,1909f56bfc062723c751e8b465ee728b)
Start importing Assets/ExternalAssets/UI Elements/White/1x/video.png using Guid(3718d157a9ae33d469bcd89dc6fe863f) Importer(815301076,1909f56bfc062723c751e8b465ee728b)  -> (artifact id: '70c1fbd3f51f9cc3c83d3ab77d588ec1') in 0.012289 seconds 
========================================================================
Received Import Request.
  Time since last request: 0.000022 seconds.
  path: Assets/ExternalAssets/UI Elements/White/1x/share.png
  artifactKey: Guid(79203e86ffda6904cb5ed1ea84b589b0) Importer(815301076,1909f56bfc062723c751e8b465ee728b)
Start importing Assets/ExternalAssets/UI Elements/White/1x/share.png using Guid(79203e86ffda6904cb5ed1ea84b589b0) Importer(815301076,1909f56bfc062723c751e8b465ee728b)  -> (artifact id: 'ccbecdea664cddd4c7511f927ff2b5eb') in 0.012443 seconds 
========================================================================
Received Import Request.
  Time since last request: 0.000013 seconds.
  path: Assets/ExternalAssets/UI Elements/White/1x/noet-west arrow.png
  artifactKey: Guid(780e6142b43458e429a524d6d0a9b6d2) Importer(815301076,1909f56bfc062723c751e8b465ee728b)
Start importing Assets/ExternalAssets/UI Elements/White/1x/noet-west arrow.png using Guid(780e6142b43458e429a524d6d0a9b6d2) Importer(815301076,1909f56bfc062723c751e8b465ee728b)  -> (artifact id: '99fa36160839a9904bb730137e72f2b4') in 0.013290 seconds 
========================================================================
Received Import Request.
  Time since last request: 4.237799 seconds.
  path: Assets/ExternalAssets/UI Elements/Extras/Circle128/circlefill2px.png
  artifactKey: Guid(3038788b3690d264fb4d42070ecff4f2) Importer(815301076,1909f56bfc062723c751e8b465ee728b)
Start importing Assets/ExternalAssets/UI Elements/Extras/Circle128/circlefill2px.png using Guid(3038788b3690d264fb4d42070ecff4f2) Importer(815301076,1909f56bfc062723c751e8b465ee728b)  -> (artifact id: 'd5109284a44d2c3bbbbe2052e6ebf0f1') in 0.022423 seconds 
========================================================================
Received Import Request.
  Time since last request: 1.874537 seconds.
  path: Assets/ExternalAssets/UI Elements/Extras/Circle256/circlefillRy8px256px.png
  artifactKey: Guid(91c6cc6f973784249a1991e48b546115) Importer(815301076,1909f56bfc062723c751e8b465ee728b)
Start importing Assets/ExternalAssets/UI Elements/Extras/Circle256/circlefillRy8px256px.png using Guid(91c6cc6f973784249a1991e48b546115) Importer(815301076,1909f56bfc062723c751e8b465ee728b)  -> (artifact id: '386e5d48e282efc772043832c6c90264') in 0.024994 seconds 
========================================================================
Received Import Request.
  Time since last request: 3.447436 seconds.
  path: Assets/ExternalAssets/UI Elements/Black/1x/BUtton 1.png
  artifactKey: Guid(39e7a8ce6f598524a8394263b7b392c7) Importer(815301076,1909f56bfc062723c751e8b465ee728b)
Start importing Assets/ExternalAssets/UI Elements/Black/1x/BUtton 1.png using Guid(39e7a8ce6f598524a8394263b7b392c7) Importer(815301076,1909f56bfc062723c751e8b465ee728b)  -> (artifact id: '8a390d9687597abb03f092270c2fd00c') in 0.018034 seconds 
========================================================================
Received Import Request.
  Time since last request: 0.000012 seconds.
  path: Assets/ExternalAssets/UI Elements/Black/1x/gamepad1.png
  artifactKey: Guid(815c9f9d3930c164c9926ca4c02aa0a8) Importer(815301076,1909f56bfc062723c751e8b465ee728b)
Start importing Assets/ExternalAssets/UI Elements/Black/1x/gamepad1.png using Guid(815c9f9d3930c164c9926ca4c02aa0a8) Importer(815301076,1909f56bfc062723c751e8b465ee728b)  -> (artifact id: '4484c9f8bcfc3506aeab33e58a9145e4') in 0.013334 seconds 
========================================================================
Received Import Request.
  Time since last request: 0.000013 seconds.
  path: Assets/ExternalAssets/UI Elements/Black/1x/menu2.png
  artifactKey: Guid(073512f85f127144c80e4e31d0edd53a) Importer(815301076,1909f56bfc062723c751e8b465ee728b)
Start importing Assets/ExternalAssets/UI Elements/Black/1x/menu2.png using Guid(073512f85f127144c80e4e31d0edd53a) Importer(815301076,1909f56bfc062723c751e8b465ee728b)  -> (artifact id: 'a77b4f01dc6729df77904441b5145d81') in 0.014089 seconds 
========================================================================
Received Import Request.
  Time since last request: 0.000022 seconds.
  path: Assets/ExternalAssets/UI Elements/Black/1x/south-west arrow.png
  artifactKey: Guid(1d4d0cd6fb3a3c240a1e0d589cc78725) Importer(815301076,1909f56bfc062723c751e8b465ee728b)
Start importing Assets/ExternalAssets/UI Elements/Black/1x/south-west arrow.png using Guid(1d4d0cd6fb3a3c240a1e0d589cc78725) Importer(815301076,1909f56bfc062723c751e8b465ee728b)  -> (artifact id: '13a3154790c2fc330e56a371ec8f868c') in 0.014907 seconds 
========================================================================
Received Import Request.
  Time since last request: 0.000013 seconds.
  path: Assets/ExternalAssets/UI Elements/Black/1x/camera.png
  artifactKey: Guid(4968e60d11a665d489c1b7cf25009ef2) Importer(815301076,1909f56bfc062723c751e8b465ee728b)
Start importing Assets/ExternalAssets/UI Elements/Black/1x/camera.png using Guid(4968e60d11a665d489c1b7cf25009ef2) Importer(815301076,1909f56bfc062723c751e8b465ee728b)  -> (artifact id: '230943582a612d864c4410f8730f7af7') in 0.015581 seconds 
========================================================================
Received Import Request.
  Time since last request: 0.000013 seconds.
  path: Assets/ExternalAssets/UI Elements/Black/1x/hamburger icon.png
  artifactKey: Guid(526cc0e3015b2ce4890db0c2d9490600) Importer(815301076,1909f56bfc062723c751e8b465ee728b)
Start importing Assets/ExternalAssets/UI Elements/Black/1x/hamburger icon.png using Guid(526cc0e3015b2ce4890db0c2d9490600) Importer(815301076,1909f56bfc062723c751e8b465ee728b)  -> (artifact id: '99c02000f217df249a6b5a49de3315d5') in 0.016240 seconds 
========================================================================
Received Import Request.
  Time since last request: 0.000014 seconds.
  path: Assets/ExternalAssets/UI Elements/Black/1x/up.png
  artifactKey: Guid(41f5a7f2f23784341b1688043372ad80) Importer(815301076,1909f56bfc062723c751e8b465ee728b)
Start importing Assets/ExternalAssets/UI Elements/Black/1x/up.png using Guid(41f5a7f2f23784341b1688043372ad80) Importer(815301076,1909f56bfc062723c751e8b465ee728b)  -> (artifact id: '0de8f4128a3080c0eb1284b5ac57a922') in 0.014803 seconds 
========================================================================
Received Import Request.
  Time since last request: 0.000016 seconds.
  path: Assets/ExternalAssets/UI Elements/Black/1x/left arrow.png
  artifactKey: Guid(2b751643e14a05747ba418a17dbc024d) Importer(815301076,1909f56bfc062723c751e8b465ee728b)
Start importing Assets/ExternalAssets/UI Elements/Black/1x/left arrow.png using Guid(2b751643e14a05747ba418a17dbc024d) Importer(815301076,1909f56bfc062723c751e8b465ee728b)  -> (artifact id: '50396a9187874fcea879d594963fe0cf') in 0.016830 seconds 
========================================================================
Received Import Request.
  Time since last request: 0.000020 seconds.
  path: Assets/ExternalAssets/UI Elements/Black/1x/BUtton C.png
  artifactKey: Guid(07599a1620f73ff47b5afc2c87c1ac90) Importer(815301076,1909f56bfc062723c751e8b465ee728b)
Start importing Assets/ExternalAssets/UI Elements/Black/1x/BUtton C.png using Guid(07599a1620f73ff47b5afc2c87c1ac90) Importer(815301076,1909f56bfc062723c751e8b465ee728b)  -> (artifact id: '21ba8a6047d7c40c461ebc881f11a72e') in 0.013949 seconds 
========================================================================
Received Import Request.
  Time since last request: 0.000014 seconds.
  path: Assets/ExternalAssets/UI Elements/Black/1x/home.png
  artifactKey: Guid(d861e95eb4bfdb34392459f13906828e) Importer(815301076,1909f56bfc062723c751e8b465ee728b)
Start importing Assets/ExternalAssets/UI Elements/Black/1x/home.png using Guid(d861e95eb4bfdb34392459f13906828e) Importer(815301076,1909f56bfc062723c751e8b465ee728b)  -> (artifact id: 'da5fde5ff80e8a7cb81fe7ee0cbcebfb') in 0.013081 seconds 
========================================================================
Received Import Request.
  Time since last request: 0.000015 seconds.
  path: Assets/ExternalAssets/UI Elements/Black/1x/left.png
  artifactKey: Guid(c2dbc6dc470a3b046b8291ea5826c397) Importer(815301076,1909f56bfc062723c751e8b465ee728b)
Start importing Assets/ExternalAssets/UI Elements/Black/1x/left.png using Guid(c2dbc6dc470a3b046b8291ea5826c397) Importer(815301076,1909f56bfc062723c751e8b465ee728b)  -> (artifact id: 'bfcef90717c23429c8f75ac6ddb2d4fb') in 0.018444 seconds 
========================================================================
Received Import Request.
  Time since last request: 0.000016 seconds.
  path: Assets/ExternalAssets/UI Elements/Black/1x/mic on.png
  artifactKey: Guid(cc7e6817bcc82564fa92f3e89bc9ac6a) Importer(815301076,1909f56bfc062723c751e8b465ee728b)
Start importing Assets/ExternalAssets/UI Elements/Black/1x/mic on.png using Guid(cc7e6817bcc82564fa92f3e89bc9ac6a) Importer(815301076,1909f56bfc062723c751e8b465ee728b)  -> (artifact id: 'beef4da75abcaef0398df158ca95f478') in 0.016516 seconds 
========================================================================
Received Import Request.
  Time since last request: 43.876789 seconds.
  path: Assets/ExternalAssets/UI Elements/Extras/ProgressBars/loading2.png
  artifactKey: Guid(0cda1969c40b8db4fb2fcaeab340365d) Importer(815301076,1909f56bfc062723c751e8b465ee728b)
Start importing Assets/ExternalAssets/UI Elements/Extras/ProgressBars/loading2.png using Guid(0cda1969c40b8db4fb2fcaeab340365d) Importer(815301076,1909f56bfc062723c751e8b465ee728b)  -> (artifact id: '6d103f094f28bef3370c4231fa59ad0c') in 0.018059 seconds 
========================================================================
Received Import Request.
  Time since last request: 0.000020 seconds.
  path: Assets/ExternalAssets/UI Elements/Extras/ProgressBars/progressBar4.png
  artifactKey: Guid(466d33f7eb07e9640986ec48a54a4baa) Importer(815301076,1909f56bfc062723c751e8b465ee728b)
Start importing Assets/ExternalAssets/UI Elements/Extras/ProgressBars/progressBar4.png using Guid(466d33f7eb07e9640986ec48a54a4baa) Importer(815301076,1909f56bfc062723c751e8b465ee728b)  -> (artifact id: 'd6ab2594f95d964fad646dbf70ecb8cb') in 0.024642 seconds 
========================================================================
Received Import Request.
  Time since last request: 479.003904 seconds.
  path: Assets/ExternalAssets/UI Elements/Extras/Rects
  artifactKey: Guid(5c4b7cbeac695b24fb2fbd72f5785be2) Importer(815301076,1909f56bfc062723c751e8b465ee728b)
Start importing Assets/ExternalAssets/UI Elements/Extras/Rects using Guid(5c4b7cbeac695b24fb2fbd72f5785be2) Importer(815301076,1909f56bfc062723c751e8b465ee728b)  -> (artifact id: 'acd04d0f08fc5b4bd34ec2c074160a9d') in 0.010201 seconds 
========================================================================
Received Import Request.
  Time since last request: 0.098001 seconds.
  path: Assets/ExternalAssets/UI Elements/Extras/Rects/rect3pxRy8.png
  artifactKey: Guid(acfc314f747513a4e9ed3c67e3d171a7) Importer(815301076,1909f56bfc062723c751e8b465ee728b)
Start importing Assets/ExternalAssets/UI Elements/Extras/Rects/rect3pxRy8.png using Guid(acfc314f747513a4e9ed3c67e3d171a7) Importer(815301076,1909f56bfc062723c751e8b465ee728b)  -> (artifact id: 'a8d33ebd3b89bbedec6b70cfff39a345') in 0.016638 seconds 
========================================================================
Received Import Request.
  Time since last request: 0.000018 seconds.
  path: Assets/ExternalAssets/UI Elements/Extras/Rects/roundRect.png
  artifactKey: Guid(a74dacc9bfcf47749a8630eac3456429) Importer(815301076,1909f56bfc062723c751e8b465ee728b)
Start importing Assets/ExternalAssets/UI Elements/Extras/Rects/roundRect.png using Guid(a74dacc9bfcf47749a8630eac3456429) Importer(815301076,1909f56bfc062723c751e8b465ee728b)  -> (artifact id: 'ebd500f555490974b4fbbd5dda8d1ed2') in 0.023235 seconds 
========================================================================
Received Import Request.
  Time since last request: 0.000020 seconds.
  path: Assets/ExternalAssets/UI Elements/Extras/Rects/roundRect2px.png
  artifactKey: Guid(9a9f6b9d76e06054e8dd89bf95d08a0e) Importer(815301076,1909f56bfc062723c751e8b465ee728b)
Start importing Assets/ExternalAssets/UI Elements/Extras/Rects/roundRect2px.png using Guid(9a9f6b9d76e06054e8dd89bf95d08a0e) Importer(815301076,1909f56bfc062723c751e8b465ee728b)  -> (artifact id: '5c7dd9d28afa2cdde91a4d669a8b94a4') in 0.013782 seconds 
========================================================================
Received Import Request.
  Time since last request: 0.000017 seconds.
  path: Assets/ExternalAssets/UI Elements/Extras/Rects/rect8pxRy8.png
  artifactKey: Guid(cdf00f98e3d043344bae9b5a9d8b6e14) Importer(815301076,1909f56bfc062723c751e8b465ee728b)
Start importing Assets/ExternalAssets/UI Elements/Extras/Rects/rect8pxRy8.png using Guid(cdf00f98e3d043344bae9b5a9d8b6e14) Importer(815301076,1909f56bfc062723c751e8b465ee728b)  -> (artifact id: 'b383b9163c89cd58112b2393498733cb') in 0.014727 seconds 
========================================================================
Received Import Request.
  Time since last request: 0.000015 seconds.
  path: Assets/ExternalAssets/UI Elements/Extras/Rects/roundRect4px.png
  artifactKey: Guid(0f0a7cb219b8b6145a68d6fe6bec5d9a) Importer(815301076,1909f56bfc062723c751e8b465ee728b)
Start importing Assets/ExternalAssets/UI Elements/Extras/Rects/roundRect4px.png using Guid(0f0a7cb219b8b6145a68d6fe6bec5d9a) Importer(815301076,1909f56bfc062723c751e8b465ee728b)  -> (artifact id: '82b8a5a110fc77da6b6187de5431bd5f') in 0.012771 seconds 
Editor requested this worker to shutdown with reason: Scaling down because of idle timeout
AssetImportWorker is now disconnected from the server
Process exiting
Exiting without the bug reporter. Application will terminate with return code 0