Using pre-set license
Built from '2021.3/staging' branch; Version is '2021.3.26f1 (a16dc32e0ff2) revision 10579395'; Using compiler version '192829333'; Build Type 'Release'
OS: 'Windows 10  (10.0.19045) 64bit Core' Language: 'fr' Physical Memory: 16253 MB
BatchMode: 1, IsHumanControllingUs: 0, StartBugReporterOnCrash: 0, Is64bit: 1, IsPro: 1

COMMAND LINE ARGUMENTS:
C:\Program Files\Unity\Hub\Editor\2021.3.26f1\Editor\Unity.exe
-adb2
-batchMode
-noUpm
-name
AssetImportWorker2
-projectPath
C:/Unity_Projects/ElementWielder/ElementWielder
-logFile
Logs/AssetImportWorker2.log
-srvPort
50142
Successfully changed project path to: C:/Unity_Projects/ElementWielder/ElementWielder
C:/Unity_Projects/ElementWielder/ElementWielder
[UnityMemory] Configuration Parameters - Can be set up in boot.config
    "memorysetup-bucket-allocator-granularity=16"
    "memorysetup-bucket-allocator-bucket-count=8"
    "memorysetup-bucket-allocator-block-size=33554432"
    "memorysetup-bucket-allocator-block-count=8"
    "memorysetup-main-allocator-block-size=16777216"
    "memorysetup-thread-allocator-block-size=16777216"
    "memorysetup-gfx-main-allocator-block-size=16777216"
    "memorysetup-gfx-thread-allocator-block-size=16777216"
    "memorysetup-cache-allocator-block-size=4194304"
    "memorysetup-typetree-allocator-block-size=2097152"
    "memorysetup-profiler-bucket-allocator-granularity=16"
    "memorysetup-profiler-bucket-allocator-bucket-count=8"
    "memorysetup-profiler-bucket-allocator-block-size=33554432"
    "memorysetup-profiler-bucket-allocator-block-count=8"
    "memorysetup-profiler-allocator-block-size=16777216"
    "memorysetup-profiler-editor-allocator-block-size=1048576"
    "memorysetup-temp-allocator-size-main=16777216"
    "memorysetup-job-temp-allocator-block-size=2097152"
    "memorysetup-job-temp-allocator-block-size-background=1048576"
    "memorysetup-job-temp-allocator-reduction-small-platforms=262144"
    "memorysetup-temp-allocator-size-background-worker=32768"
    "memorysetup-temp-allocator-size-job-worker=262144"
    "memorysetup-temp-allocator-size-preload-manager=33554432"
    "memorysetup-temp-allocator-size-nav-mesh-worker=65536"
    "memorysetup-temp-allocator-size-audio-worker=65536"
    "memorysetup-temp-allocator-size-cloud-worker=32768"
    "memorysetup-temp-allocator-size-gi-baking-worker=262144"
    "memorysetup-temp-allocator-size-gfx=262144"
Player connection [4072] Host "[IP] 192.168.1.18 [Port] 0 [Flags] 2 [Guid] 3347877426 [EditorId] 3347877426 [Version] 1048832 [Id] WindowsEditor(7,DESKTOP-1TKVIRD) [Debug] 1 [PackageName] WindowsEditor [ProjectName] Editor" joined multi-casting on [225.0.0.222:54997]...

Player connection [4072] Host "[IP] 192.168.1.18 [Port] 0 [Flags] 2 [Guid] 3347877426 [EditorId] 3347877426 [Version] 1048832 [Id] WindowsEditor(7,DESKTOP-1TKVIRD) [Debug] 1 [PackageName] WindowsEditor [ProjectName] Editor" joined alternative multi-casting on [225.0.0.222:34997]...

Refreshing native plugins compatible for Editor in 91.21 ms, found 4 plugins.
Preloading 0 native plugins for Editor in 0.00 ms.
Initialize engine version: 2021.3.26f1 (a16dc32e0ff2)
[Subsystems] Discovering subsystems at path C:/Program Files/Unity/Hub/Editor/2021.3.26f1/Editor/Data/Resources/UnitySubsystems
[Subsystems] Discovering subsystems at path C:/Unity_Projects/ElementWielder/ElementWielder/Assets
GfxDevice: creating device client; threaded=0; jobified=0
Direct3D:
    Version:  Direct3D 11.0 [level 11.1]
    Renderer: NVIDIA GeForce RTX 3070 (ID=0x2488)
    Vendor:   NVIDIA
    VRAM:     8031 MB
    Driver:   31.0.15.3640
Initialize mono
Mono path[0] = 'C:/Program Files/Unity/Hub/Editor/2021.3.26f1/Editor/Data/Managed'
Mono path[1] = 'C:/Program Files/Unity/Hub/Editor/2021.3.26f1/Editor/Data/MonoBleedingEdge/lib/mono/unityjit-win32'
Mono config path = 'C:/Program Files/Unity/Hub/Editor/2021.3.26f1/Editor/Data/MonoBleedingEdge/etc'
Using monoOptions --debugger-agent=transport=dt_socket,embedding=1,server=y,suspend=n,address=127.0.0.1:56248
Begin MonoManager ReloadAssembly
Registering precompiled unity dll's ...
Register platform support module: C:/Program Files/Unity/Hub/Editor/2021.3.26f1/Editor/Data/PlaybackEngines/WindowsStandaloneSupport/UnityEditor.WindowsStandalone.Extensions.dll
Registered in 0.005948 seconds.
Native extension for WindowsStandalone target not found
Refreshing native plugins compatible for Editor in 73.05 ms, found 4 plugins.
Preloading 0 native plugins for Editor in 0.00 ms.
Mono: successfully reloaded assembly
- Completed reload, in  0.547 seconds
Domain Reload Profiling:
	ReloadAssembly (547ms)
		BeginReloadAssembly (77ms)
			ExecutionOrderSort (0ms)
			DisableScriptedObjects (0ms)
			BackupInstance (0ms)
			ReleaseScriptingObjects (0ms)
			CreateAndSetChildDomain (1ms)
		EndReloadAssembly (378ms)
			LoadAssemblies (73ms)
			RebuildTransferFunctionScriptingTraits (0ms)
			SetupTypeCache (84ms)
			ReleaseScriptCaches (0ms)
			RebuildScriptCaches (23ms)
			SetupLoadedEditorAssemblies (230ms)
				LogAssemblyErrors (0ms)
				InitializePlatformSupportModulesInManaged (6ms)
				SetLoadedEditorAssemblies (0ms)
				RefreshPlugins (73ms)
				BeforeProcessingInitializeOnLoad (1ms)
				ProcessInitializeOnLoadAttributes (112ms)
				ProcessInitializeOnLoadMethodAttributes (37ms)
				AfterProcessingInitializeOnLoad (0ms)
				EditorAssembliesLoaded (0ms)
			ExecutionOrderSort2 (0ms)
			AwakeInstancesAfterBackupRestoration (0ms)
Platform modules already initialized, skipping
Registering precompiled user dll's ...
Registered in 0.005421 seconds.
Begin MonoManager ReloadAssembly
Symbol file LoadedFromMemory doesn't match image C:\Unity_Projects\ElementWielder\ElementWielder\Library\PackageCache\com.unity.visualscripting@1.8.0\Editor\VisualScripting.Core\Dependencies\YamlDotNet\Unity.VisualScripting.YamlDotNet.dll
Symbol file LoadedFromMemory doesn't match image C:\Unity_Projects\ElementWielder\ElementWielder\Library\PackageCache\com.unity.visualscripting@1.8.0\Editor\VisualScripting.Core\Dependencies\DotNetZip\Unity.VisualScripting.IonicZip.dll
Native extension for WindowsStandalone target not found
Refreshing native plugins compatible for Editor in 73.03 ms, found 4 plugins.
Preloading 0 native plugins for Editor in 0.00 ms.
Mono: successfully reloaded assembly
- Completed reload, in  0.895 seconds
Domain Reload Profiling:
	ReloadAssembly (895ms)
		BeginReloadAssembly (96ms)
			ExecutionOrderSort (0ms)
			DisableScriptedObjects (5ms)
			BackupInstance (0ms)
			ReleaseScriptingObjects (0ms)
			CreateAndSetChildDomain (14ms)
		EndReloadAssembly (709ms)
			LoadAssemblies (69ms)
			RebuildTransferFunctionScriptingTraits (0ms)
			SetupTypeCache (186ms)
			ReleaseScriptCaches (1ms)
			RebuildScriptCaches (44ms)
			SetupLoadedEditorAssemblies (375ms)
				LogAssemblyErrors (0ms)
				InitializePlatformSupportModulesInManaged (4ms)
				SetLoadedEditorAssemblies (0ms)
				RefreshPlugins (73ms)
				BeforeProcessingInitializeOnLoad (76ms)
				ProcessInitializeOnLoadAttributes (184ms)
				ProcessInitializeOnLoadMethodAttributes (31ms)
				AfterProcessingInitializeOnLoad (7ms)
				EditorAssembliesLoaded (0ms)
			ExecutionOrderSort2 (0ms)
			AwakeInstancesAfterBackupRestoration (6ms)
Platform modules already initialized, skipping
========================================================================
Worker process is ready to serve import requests
Launched and connected shader compiler UnityShaderCompiler.exe after 0.02 seconds
Refreshing native plugins compatible for Editor in 0.52 ms, found 4 plugins.
Preloading 0 native plugins for Editor in 0.00 ms.
Unloading 3734 Unused Serialized files (Serialized files now loaded: 0)
Unloading 35 unused Assets / (56.0 KB). Loaded Objects now: 4194.
Memory consumption went from 142.7 MB to 142.7 MB.
Total: 2.709500 ms (FindLiveObjects: 0.231300 ms CreateObjectMapping: 0.187700 ms MarkObjects: 2.236400 ms  DeleteObjects: 0.053500 ms)

AssetImportParameters requested are different than current active one (requested -> active):
  custom:video-decoder-ogg-theora: a1e56fd34408186e4bbccfd4996cb3dc -> 
  custom:container-muxer-webm: aa71ff27fc2769a1b78a27578f13a17b -> 
  custom:container-demuxer-webm: 4f35f7cbe854078d1ac9338744f61a02 -> 
  custom:video-encoder-webm-vp8: eb34c28f22e8b96e1ab97ce403110664 -> 
  custom:audio-encoder-webm-vorbis: bf7c407c2cedff20999df2af8eb42d56 -> 
  custom:framework-win-MediaFoundation: 216162199b28c13a410421893ffa2e32 -> 
  custom:container-demuxer-ogg: 62fdf1f143b41e24485cea50d1cbac27 -> 
  custom:video-decoder-webm-vp8: 9c59270c3fd7afecdb556c50c9e8de78 -> 
  custom:audio-decoder-ogg-vorbis: bf7c407c2cedff20999df2af8eb42d56 -> 
========================================================================
Received Import Request.
  Time since last request: 1950.297640 seconds.
  path: Assets/ExternalAssets/UI Elements/White/1x
  artifactKey: Guid(d089adfb980b9a041a5029504f526f94) Importer(815301076,1909f56bfc062723c751e8b465ee728b)
Start importing Assets/ExternalAssets/UI Elements/White/1x using Guid(d089adfb980b9a041a5029504f526f94) Importer(815301076,1909f56bfc062723c751e8b465ee728b)  -> (artifact id: 'f3c37b66f3d06fc0fd92d7d2ecbfe4e5') in 0.012506 seconds 
========================================================================
Received Import Request.
  Time since last request: 0.069413 seconds.
  path: Assets/ExternalAssets/UI Elements/White/1x/backward.png
  artifactKey: Guid(84e82be6dba927947b3326e9a8bfcdd9) Importer(815301076,1909f56bfc062723c751e8b465ee728b)
Start importing Assets/ExternalAssets/UI Elements/White/1x/backward.png using Guid(84e82be6dba927947b3326e9a8bfcdd9) Importer(815301076,1909f56bfc062723c751e8b465ee728b)  -> (artifact id: 'a8b47e5694ba9cd3ac405c86b01c8694') in 0.075756 seconds 
========================================================================
Received Import Request.
  Time since last request: 0.000017 seconds.
  path: Assets/ExternalAssets/UI Elements/White/1x/forward.png
  artifactKey: Guid(344fe81eb5885dc49a97989fab66c16e) Importer(815301076,1909f56bfc062723c751e8b465ee728b)
Start importing Assets/ExternalAssets/UI Elements/White/1x/forward.png using Guid(344fe81eb5885dc49a97989fab66c16e) Importer(815301076,1909f56bfc062723c751e8b465ee728b)  -> (artifact id: '59a5b0172a5720da0f19925c4505cb50') in 0.012477 seconds 
========================================================================
Received Import Request.
  Time since last request: 0.000015 seconds.
  path: Assets/ExternalAssets/UI Elements/White/1x/music off.png
  artifactKey: Guid(7a19814244f58574fa6d9efdd064fa3e) Importer(815301076,1909f56bfc062723c751e8b465ee728b)
Start importing Assets/ExternalAssets/UI Elements/White/1x/music off.png using Guid(7a19814244f58574fa6d9efdd064fa3e) Importer(815301076,1909f56bfc062723c751e8b465ee728b)  -> (artifact id: '81b2b2dda847dac20e1fdf79fdb24c4e') in 0.014096 seconds 
========================================================================
Received Import Request.
  Time since last request: 0.000015 seconds.
  path: Assets/ExternalAssets/UI Elements/White/1x/north-east arrow.png
  artifactKey: Guid(c093ba7d3e53324499e637b60c654ff5) Importer(815301076,1909f56bfc062723c751e8b465ee728b)
Start importing Assets/ExternalAssets/UI Elements/White/1x/north-east arrow.png using Guid(c093ba7d3e53324499e637b60c654ff5) Importer(815301076,1909f56bfc062723c751e8b465ee728b)  -> (artifact id: '30c4c8cc36b434c2cf72f6e6cace4aa7') in 0.014316 seconds 
========================================================================
Received Import Request.
  Time since last request: 0.000015 seconds.
  path: Assets/ExternalAssets/UI Elements/White/1x/up.png
  artifactKey: Guid(32dcb7e3f2355c44f98f9350b3a3fc92) Importer(815301076,1909f56bfc062723c751e8b465ee728b)
Start importing Assets/ExternalAssets/UI Elements/White/1x/up.png using Guid(32dcb7e3f2355c44f98f9350b3a3fc92) Importer(815301076,1909f56bfc062723c751e8b465ee728b)  -> (artifact id: 'f0b3140462666207305b09ef5c8eaf63') in 0.012414 seconds 
========================================================================
Received Import Request.
  Time since last request: 0.000016 seconds.
  path: Assets/ExternalAssets/UI Elements/White/1x/south-east arrow.png
  artifactKey: Guid(945fc62d0dca2254f9c8b49984a55393) Importer(815301076,1909f56bfc062723c751e8b465ee728b)
Start importing Assets/ExternalAssets/UI Elements/White/1x/south-east arrow.png using Guid(945fc62d0dca2254f9c8b49984a55393) Importer(815301076,1909f56bfc062723c751e8b465ee728b)  -> (artifact id: '2045996dad43d53ec09850940f3d4dbc') in 0.013405 seconds 
========================================================================
Received Import Request.
  Time since last request: 0.000024 seconds.
  path: Assets/ExternalAssets/UI Elements/White/1x/star.png
  artifactKey: Guid(929b54ef59aaeba4a9807a6ef928457b) Importer(815301076,1909f56bfc062723c751e8b465ee728b)
Start importing Assets/ExternalAssets/UI Elements/White/1x/star.png using Guid(929b54ef59aaeba4a9807a6ef928457b) Importer(815301076,1909f56bfc062723c751e8b465ee728b)  -> (artifact id: 'a59e946d133a472556d2144002c2d1a6') in 0.013581 seconds 
========================================================================
Received Import Request.
  Time since last request: 0.000014 seconds.
  path: Assets/ExternalAssets/UI Elements/White/1x/Leaderboard.png
  artifactKey: Guid(d72623ff7003bb7458128bc5b8be00b6) Importer(815301076,1909f56bfc062723c751e8b465ee728b)
Start importing Assets/ExternalAssets/UI Elements/White/1x/Leaderboard.png using Guid(d72623ff7003bb7458128bc5b8be00b6) Importer(815301076,1909f56bfc062723c751e8b465ee728b)  -> (artifact id: 'fc1bc8d51d04e6464fda1527371d7433') in 0.015105 seconds 
========================================================================
Received Import Request.
  Time since last request: 0.000017 seconds.
  path: Assets/ExternalAssets/UI Elements/White/1x/BUtton A.png
  artifactKey: Guid(f17215db0638a0944ae774ad4f93932c) Importer(815301076,1909f56bfc062723c751e8b465ee728b)
Start importing Assets/ExternalAssets/UI Elements/White/1x/BUtton A.png using Guid(f17215db0638a0944ae774ad4f93932c) Importer(815301076,1909f56bfc062723c751e8b465ee728b)  -> (artifact id: 'f394f18ee0b068d9949b37a6a2b27d76') in 0.014603 seconds 
========================================================================
Received Import Request.
  Time since last request: 0.000023 seconds.
  path: Assets/ExternalAssets/UI Elements/White/1x/camera.png
  artifactKey: Guid(6218d182ea182704fb1261ea2fd211b4) Importer(815301076,1909f56bfc062723c751e8b465ee728b)
Start importing Assets/ExternalAssets/UI Elements/White/1x/camera.png using Guid(6218d182ea182704fb1261ea2fd211b4) Importer(815301076,1909f56bfc062723c751e8b465ee728b)  -> (artifact id: '942b1d15cc8867cef6b69acff32518f4') in 0.014068 seconds 
========================================================================
Received Import Request.
  Time since last request: 2.127674 seconds.
  path: Assets/ExternalAssets/UI Elements/Extras
  artifactKey: Guid(52767b6e3aa8cd448a632d3ba14c57a5) Importer(815301076,1909f56bfc062723c751e8b465ee728b)
Start importing Assets/ExternalAssets/UI Elements/Extras using Guid(52767b6e3aa8cd448a632d3ba14c57a5) Importer(815301076,1909f56bfc062723c751e8b465ee728b)  -> (artifact id: '2665188d18fe71882681e2627576868e') in 0.008105 seconds 
========================================================================
Received Import Request.
  Time since last request: 0.049089 seconds.
  path: Assets/ExternalAssets/UI Elements/Extras/circle64.png
  artifactKey: Guid(105aa01b1530a1e48ba3df5d4a1cae8b) Importer(815301076,1909f56bfc062723c751e8b465ee728b)
Start importing Assets/ExternalAssets/UI Elements/Extras/circle64.png using Guid(105aa01b1530a1e48ba3df5d4a1cae8b) Importer(815301076,1909f56bfc062723c751e8b465ee728b)  -> (artifact id: 'd79d12b52d007af1c8a38a99981901ec') in 0.011071 seconds 
========================================================================
Received Import Request.
  Time since last request: 1.930905 seconds.
  path: Assets/ExternalAssets/UI Elements/Extras/Circle128
  artifactKey: Guid(fa891192d5380d94a8f3aa781242a289) Importer(815301076,1909f56bfc062723c751e8b465ee728b)
Start importing Assets/ExternalAssets/UI Elements/Extras/Circle128 using Guid(fa891192d5380d94a8f3aa781242a289) Importer(815301076,1909f56bfc062723c751e8b465ee728b)  -> (artifact id: '842723eb519896e6721a2b7354326ada') in 0.008995 seconds 
========================================================================
Received Import Request.
  Time since last request: 0.092685 seconds.
  path: Assets/ExternalAssets/UI Elements/Extras/Circle128/circle128.png
  artifactKey: Guid(76b4afe604d91bb4cab3eff50436890a) Importer(815301076,1909f56bfc062723c751e8b465ee728b)
Start importing Assets/ExternalAssets/UI Elements/Extras/Circle128/circle128.png using Guid(76b4afe604d91bb4cab3eff50436890a) Importer(815301076,1909f56bfc062723c751e8b465ee728b)  -> (artifact id: '83636bf0bbe856dddebc9e77341cffc9') in 0.016670 seconds 
========================================================================
Received Import Request.
  Time since last request: 1.801976 seconds.
  path: Assets/ExternalAssets/UI Elements/Extras/Circle256
  artifactKey: Guid(0eb713806fff57244a062be8654951ac) Importer(815301076,1909f56bfc062723c751e8b465ee728b)
Start importing Assets/ExternalAssets/UI Elements/Extras/Circle256 using Guid(0eb713806fff57244a062be8654951ac) Importer(815301076,1909f56bfc062723c751e8b465ee728b)  -> (artifact id: '51a0d58f48ca661fda802d4f87abc17f') in 0.008153 seconds 
========================================================================
Received Import Request.
  Time since last request: 0.066379 seconds.
  path: Assets/ExternalAssets/UI Elements/Extras/Circle256/circle256.png
  artifactKey: Guid(95536a7810238db4abb5c02d9b700c92) Importer(815301076,1909f56bfc062723c751e8b465ee728b)
Start importing Assets/ExternalAssets/UI Elements/Extras/Circle256/circle256.png using Guid(95536a7810238db4abb5c02d9b700c92) Importer(815301076,1909f56bfc062723c751e8b465ee728b)  -> (artifact id: 'e7383fb6a7f21f361ef3a6647cedbe13') in 0.025835 seconds 
========================================================================
Received Import Request.
  Time since last request: 3.318444 seconds.
  path: Assets/ExternalAssets/UI Elements/Black/1x
  artifactKey: Guid(c16e443356b621b43b22c404667af899) Importer(815301076,1909f56bfc062723c751e8b465ee728b)
Start importing Assets/ExternalAssets/UI Elements/Black/1x using Guid(c16e443356b621b43b22c404667af899) Importer(815301076,1909f56bfc062723c751e8b465ee728b)  -> (artifact id: 'bb08455efa4ab7f3f7d1d550ae983aeb') in 0.002241 seconds 
========================================================================
Received Import Request.
  Time since last request: 0.122307 seconds.
  path: Assets/ExternalAssets/UI Elements/Black/1x/backward.png
  artifactKey: Guid(0ca69b41a36113c4cb5cbe8fa766b5bd) Importer(815301076,1909f56bfc062723c751e8b465ee728b)
Start importing Assets/ExternalAssets/UI Elements/Black/1x/backward.png using Guid(0ca69b41a36113c4cb5cbe8fa766b5bd) Importer(815301076,1909f56bfc062723c751e8b465ee728b)  -> (artifact id: '2b1a2af492f2fb4b058161ed839bcc5b') in 0.016375 seconds 
========================================================================
Received Import Request.
  Time since last request: 0.000018 seconds.
  path: Assets/ExternalAssets/UI Elements/Black/1x/unlock.png
  artifactKey: Guid(69f510a3669e83f4283b257384052e74) Importer(815301076,1909f56bfc062723c751e8b465ee728b)
Start importing Assets/ExternalAssets/UI Elements/Black/1x/unlock.png using Guid(69f510a3669e83f4283b257384052e74) Importer(815301076,1909f56bfc062723c751e8b465ee728b)  -> (artifact id: '52074c12d802afed630848c93cba6365') in 0.013200 seconds 
========================================================================
Received Import Request.
  Time since last request: 0.000015 seconds.
  path: Assets/ExternalAssets/UI Elements/Black/1x/share.png
  artifactKey: Guid(300d57497f7bbeb4588ccce91f10e85c) Importer(815301076,1909f56bfc062723c751e8b465ee728b)
Start importing Assets/ExternalAssets/UI Elements/Black/1x/share.png using Guid(300d57497f7bbeb4588ccce91f10e85c) Importer(815301076,1909f56bfc062723c751e8b465ee728b)  -> (artifact id: '3c909347b956eaa284182a771212ebc2') in 0.013323 seconds 
========================================================================
Received Import Request.
  Time since last request: 0.000014 seconds.
  path: Assets/ExternalAssets/UI Elements/Black/1x/stop.png
  artifactKey: Guid(092d6b2b2c0f4244296d429d21c4ae07) Importer(815301076,1909f56bfc062723c751e8b465ee728b)
Start importing Assets/ExternalAssets/UI Elements/Black/1x/stop.png using Guid(092d6b2b2c0f4244296d429d21c4ae07) Importer(815301076,1909f56bfc062723c751e8b465ee728b)  -> (artifact id: '45fef2fc4bc3267b39763b6bc23be66b') in 0.017715 seconds 
========================================================================
Received Import Request.
  Time since last request: 0.000015 seconds.
  path: Assets/ExternalAssets/UI Elements/Black/1x/sign2.png
  artifactKey: Guid(bb6c239f2d9a62d4aa10fe8fbcef9f1f) Importer(815301076,1909f56bfc062723c751e8b465ee728b)
Start importing Assets/ExternalAssets/UI Elements/Black/1x/sign2.png using Guid(bb6c239f2d9a62d4aa10fe8fbcef9f1f) Importer(815301076,1909f56bfc062723c751e8b465ee728b)  -> (artifact id: '5d08b80a4e48fe061e29c563d99da85b') in 0.023698 seconds 
========================================================================
Received Import Request.
  Time since last request: 0.000018 seconds.
  path: Assets/ExternalAssets/UI Elements/Black/1x/info.png
  artifactKey: Guid(a9e7616118c268a4eaaca886af7fa753) Importer(815301076,1909f56bfc062723c751e8b465ee728b)
Start importing Assets/ExternalAssets/UI Elements/Black/1x/info.png using Guid(a9e7616118c268a4eaaca886af7fa753) Importer(815301076,1909f56bfc062723c751e8b465ee728b)  -> (artifact id: '864a6790f36ee7616bc783bd6e224e53') in 0.015618 seconds 
========================================================================
Received Import Request.
  Time since last request: 0.000022 seconds.
  path: Assets/ExternalAssets/UI Elements/Black/1x/Leaderboard.png
  artifactKey: Guid(84d4023617b419c4e92ab9413f8cbb86) Importer(815301076,1909f56bfc062723c751e8b465ee728b)
Start importing Assets/ExternalAssets/UI Elements/Black/1x/Leaderboard.png using Guid(84d4023617b419c4e92ab9413f8cbb86) Importer(815301076,1909f56bfc062723c751e8b465ee728b)  -> (artifact id: 'c9be0a83c38ef785ea88ab0cfff1d1c0') in 0.016043 seconds 
========================================================================
Received Import Request.
  Time since last request: 0.000012 seconds.
  path: Assets/ExternalAssets/UI Elements/Black/1x/BUtton A.png
  artifactKey: Guid(915f7e39bd6632c458f3ac141732d571) Importer(815301076,1909f56bfc062723c751e8b465ee728b)
Start importing Assets/ExternalAssets/UI Elements/Black/1x/BUtton A.png using Guid(915f7e39bd6632c458f3ac141732d571) Importer(815301076,1909f56bfc062723c751e8b465ee728b)  -> (artifact id: 'fd37bbc25407fe3c67571a7473f83d9e') in 0.019076 seconds 
========================================================================
Received Import Request.
  Time since last request: 0.000017 seconds.
  path: Assets/ExternalAssets/UI Elements/Black/1x/noet-west arrow.png
  artifactKey: Guid(8fab5b661dcd0864bb13839a160bc39c) Importer(815301076,1909f56bfc062723c751e8b465ee728b)
Start importing Assets/ExternalAssets/UI Elements/Black/1x/noet-west arrow.png using Guid(8fab5b661dcd0864bb13839a160bc39c) Importer(815301076,1909f56bfc062723c751e8b465ee728b)  -> (artifact id: 'a2a71f91046bae26fa54b3d4db6b6fb3') in 0.016693 seconds 
========================================================================
Received Import Request.
  Time since last request: 0.000014 seconds.
  path: Assets/ExternalAssets/UI Elements/Black/1x/mic off.png
  artifactKey: Guid(ce68f53e6cbc56b4b83c7b870383462f) Importer(815301076,1909f56bfc062723c751e8b465ee728b)
Start importing Assets/ExternalAssets/UI Elements/Black/1x/mic off.png using Guid(ce68f53e6cbc56b4b83c7b870383462f) Importer(815301076,1909f56bfc062723c751e8b465ee728b)  -> (artifact id: '23ed549ac47c82ccccabd0308824a256') in 0.012513 seconds 
========================================================================
Received Import Request.
  Time since last request: 0.000017 seconds.
  path: Assets/ExternalAssets/UI Elements/Black/1x/right arrow.png
  artifactKey: Guid(6878ec8d4b9763244a270cf8724df38d) Importer(815301076,1909f56bfc062723c751e8b465ee728b)
Start importing Assets/ExternalAssets/UI Elements/Black/1x/right arrow.png using Guid(6878ec8d4b9763244a270cf8724df38d) Importer(815301076,1909f56bfc062723c751e8b465ee728b)  -> (artifact id: '7e89dd16367c1cf39116d18a656f0516') in 0.013457 seconds 
========================================================================
Received Import Request.
  Time since last request: 43.797637 seconds.
  path: Assets/ExternalAssets/UI Elements/Extras/ProgressBars
  artifactKey: Guid(9bce2404c8c2f4e46b26185d409cd048) Importer(815301076,1909f56bfc062723c751e8b465ee728b)
Start importing Assets/ExternalAssets/UI Elements/Extras/ProgressBars using Guid(9bce2404c8c2f4e46b26185d409cd048) Importer(815301076,1909f56bfc062723c751e8b465ee728b)  -> (artifact id: 'c0e29978d8c47cfbb53b9a9cd3472374') in 0.010444 seconds 
========================================================================
Received Import Request.
  Time since last request: 0.075125 seconds.
  path: Assets/ExternalAssets/UI Elements/Extras/ProgressBars/loading1.png
  artifactKey: Guid(3435a4d847046b8479dad4834460878c) Importer(815301076,1909f56bfc062723c751e8b465ee728b)
Start importing Assets/ExternalAssets/UI Elements/Extras/ProgressBars/loading1.png using Guid(3435a4d847046b8479dad4834460878c) Importer(815301076,1909f56bfc062723c751e8b465ee728b)  -> (artifact id: 'a0dcef81fda93941f5d802a9b4456541') in 0.025247 seconds 
Editor requested this worker to shutdown with reason: Scaling down because of idle timeout
AssetImportWorker is now disconnected from the server
Process exiting
Exiting without the bug reporter. Application will terminate with return code 0